<?xml version="1.0" encoding="UTF-8"?>
<!-- Generated by org.testng.reporters.JUnitXMLReporter -->
<testsuite ignored="0" hostname="DESKTOP-R3O90SV" failures="0" tests="5" name="Default test" time="33.624" errors="0" timestamp="2024-03-18T21:17:55 IST">
  <testcase classname="Worldline_Level_3.Task.IndigoFlightSearch" name="openIndigoWebsite" time="6.198"/>
  <testcase classname="Worldline_Level_3.Task.IndigoFlightSearch" name="closeAdvertisement" time="0.674"/>
  <testcase classname="Worldline_Level_3.Task.IndigoFlightSearch" name="searchFlight" time="16.167"/>
  <testcase classname="Worldline_Level_3.Task.IndigoFlightSearch" name="modifyPassengerCount" time="6.777"/>
  <testcase classname="Worldline_Level_3.Task.IndigoFlightSearch" name="displayAvailableFlights" time="1.23"/>
</testsuite> <!-- Default test -->
