<?xml version="1.0" encoding="UTF-8"?>
<testng-results ignored="0" total="5" passed="5" failed="0" skipped="0">
  <reporter-output>
  </reporter-output>
  <suite started-at="2024-03-18T21:17:21 IST" name="Default suite" finished-at="2024-03-18T21:17:55 IST" duration-ms="33624">
    <groups>
    </groups>
    <test started-at="2024-03-18T21:17:21 IST" name="Default test" finished-at="2024-03-18T21:17:55 IST" duration-ms="33624">
      <class name="Worldline_Level_3.Task.IndigoFlightSearch">
        <test-method is-config="true" signature="initializeChromeDriver()[pri:0, instance:Worldline_Level_3.Task.IndigoFlightSearch@4d5d943d]" started-at="2024-03-18T21:17:21 IST" name="initializeChromeDriver" finished-at="2024-03-18T21:17:23 IST" duration-ms="1990" status="PASS">
          <reporter-output>
          </reporter-output>
        </test-method> <!-- initializeChromeDriver -->
        <test-method signature="openIndigoWebsite()[pri:0, instance:Worldline_Level_3.Task.IndigoFlightSearch@4d5d943d]" started-at="2024-03-18T21:17:24 IST" name="openIndigoWebsite" finished-at="2024-03-18T21:17:30 IST" duration-ms="6198" status="PASS">
          <reporter-output>
          </reporter-output>
        </test-method> <!-- openIndigoWebsite -->
        <test-method signature="closeAdvertisement()[pri:0, instance:Worldline_Level_3.Task.IndigoFlightSearch@4d5d943d]" started-at="2024-03-18T21:17:30 IST" name="closeAdvertisement" finished-at="2024-03-18T21:17:30 IST" depends-on-methods="Worldline_Level_3.Task.IndigoFlightSearch.openIndigoWebsite" duration-ms="674" status="PASS">
          <reporter-output>
          </reporter-output>
        </test-method> <!-- closeAdvertisement -->
        <test-method signature="searchFlight()[pri:0, instance:Worldline_Level_3.Task.IndigoFlightSearch@4d5d943d]" started-at="2024-03-18T21:17:30 IST" name="searchFlight" finished-at="2024-03-18T21:17:47 IST" depends-on-methods="Worldline_Level_3.Task.IndigoFlightSearch.closeAdvertisement" duration-ms="16167" status="PASS">
          <reporter-output>
          </reporter-output>
        </test-method> <!-- searchFlight -->
        <test-method signature="modifyPassengerCount()[pri:0, instance:Worldline_Level_3.Task.IndigoFlightSearch@4d5d943d]" started-at="2024-03-18T21:17:47 IST" name="modifyPassengerCount" finished-at="2024-03-18T21:17:53 IST" depends-on-methods="Worldline_Level_3.Task.IndigoFlightSearch.searchFlight" duration-ms="6777" status="PASS">
          <reporter-output>
          </reporter-output>
        </test-method> <!-- modifyPassengerCount -->
        <test-method signature="displayAvailableFlights()[pri:0, instance:Worldline_Level_3.Task.IndigoFlightSearch@4d5d943d]" started-at="2024-03-18T21:17:53 IST" name="displayAvailableFlights" finished-at="2024-03-18T21:17:55 IST" depends-on-methods="Worldline_Level_3.Task.IndigoFlightSearch.modifyPassengerCount" duration-ms="1230" status="PASS">
          <reporter-output>
          </reporter-output>
        </test-method> <!-- displayAvailableFlights -->
        <test-method is-config="true" signature="closeDriver()[pri:0, instance:Worldline_Level_3.Task.IndigoFlightSearch@4d5d943d]" started-at="2024-03-18T21:17:55 IST" name="closeDriver" finished-at="2024-03-18T21:17:55 IST" duration-ms="479" status="PASS">
          <reporter-output>
          </reporter-output>
        </test-method> <!-- closeDriver -->
      </class> <!-- Worldline_Level_3.Task.IndigoFlightSearch -->
    </test> <!-- Default test -->
  </suite> <!-- Default suite -->
</testng-results>
